# JRE version: OpenJDK Runtime Environment Temurin-21.0.11+10 (21.0.11+10) (build 21.0.11+10-LTS)
# Java VM: OpenJDK 64-Bit Server VM Temurin-21.0.11+10 (21.0.11+10-LTS, mixed mode, sharing, tiered, compressed oops, compressed class ptrs, parallel gc, windows-amd64)
GC Precious Log:
 CardTable entry size: 512
 CPUs: 12 total, 12 available
 Memory: 16004M
 Large Page Support: Disabled
 NUMA Support: Disabled
 Compressed Oops: Enabled (32-bit)
 Alignments: Space 512K, Generation 512K, Heap 2M
 Heap Min Capacity: 100M
 Heap Initial Capacity: 100M
 Heap Max Capacity: 2G
 Pre-touch: Disabled
 Parallel Workers: 10
Heap:
 PSYoungGen      total 10752K, used 1802K [0x00000000d5580000, 0x00000000d6280000, 0x0000000100000000)
  eden space 8192K, 9% used [0x00000000d5580000,0x00000000d56428d8,0x00000000d5d80000)
  from space 2560K, 40% used [0x00000000d5e00000,0x00000000d5f00000,0x00000000d6080000)
  to   space 1536K, 0% used [0x00000000d6100000,0x00000000d6100000,0x00000000d6280000)
 ParOldGen       total 1007104K, used 1007077K [0x0000000080000000, 0x00000000bd780000, 0x00000000d5580000)
  object space 1007104K, 99% used [0x0000000080000000,0x00000000bd779600,0x00000000bd780000)
 Metaspace       used 70626K, committed 72064K, reserved 1114112K
  class space    used 7293K, committed 7936K, reserved 1048576K
GC Heap History (20 events):
Event: 4488.313 GC heap before
{Heap before GC invocations=2601 (full 5):
 PSYoungGen      total 6144K, used 6120K [0x00000000d5580000, 0x00000000d6480000, 0x0000000100000000)
  eden space 5120K, 100% used [0x00000000d5580000,0x00000000d5a80000,0x00000000d5a80000)
  from space 1024K, 97% used [0x00000000d5c80000,0x00000000d5d7a1d8,0x00000000d5d80000)
  to   space 5120K, 0% used [0x00000000d5f80000,0x00000000d5f80000,0x00000000d6480000)
 ParOldGen       total 972800K, used 972355K [0x0000000080000000, 0x00000000bb600000, 0x00000000d5580000)
  object space 972800K, 99% used [0x0000000080000000,0x00000000bb590c68,0x00000000bb600000)
 Metaspace       used 70556K, committed 72064K, reserved 1114112K
  class space    used 7293K, committed 7936K, reserved 1048576K
}
Event: 4488.316 GC heap after
{Heap after GC invocations=2601 (full 5):
 PSYoungGen      total 8704K, used 5120K [0x00000000d5580000, 0x00000000d6780000, 0x0000000100000000)
  eden space 3584K, 0% used [0x00000000d5580000,0x00000000d5580000,0x00000000d5900000)
  from space 5120K, 100% used [0x00000000d5f80000,0x00000000d6480000,0x00000000d6480000)
  to   space 6656K, 0% used [0x00000000d5900000,0x00000000d5900000,0x00000000d5f80000)
 ParOldGen       total 973824K, used 973419K [0x0000000080000000, 0x00000000bb700000, 0x00000000d5580000)
  object space 973824K, 99% used [0x0000000080000000,0x00000000bb69ae50,0x00000000bb700000)
 Metaspace       used 70556K, committed 72064K, reserved 1114112K
  class space    used 7293K, committed 7936K, reserved 1048576K
}
Event: 4488.322 GC heap before
{Heap before GC invocations=2602 (full 5):
 PSYoungGen      total 8704K, used 8704K [0x00000000d5580000, 0x00000000d6780000, 0x0000000100000000)
  eden space 3584K, 100% used [0x00000000d5580000,0x00000000d5900000,0x00000000d5900000)
  from space 5120K, 100% used [0x00000000d5f80000,0x00000000d6480000,0x00000000d6480000)
  to   space 6656K, 0% used [0x00000000d5900000,0x00000000d5900000,0x00000000d5f80000)
 ParOldGen       total 973824K, used 973419K [0x0000000080000000, 0x00000000bb700000, 0x00000000d5580000)
  object space 973824K, 99% used [0x0000000080000000,0x00000000bb69ae50,0x00000000bb700000)
 Metaspace       used 70556K, committed 72064K, reserved 1114112K
  class space    used 7293K, committed 7936K, reserved 1048576K
}
Event: 4488.325 GC heap after
{Heap after GC invocations=2602 (full 5):
 PSYoungGen      total 7680K, used 3744K [0x00000000d5580000, 0x00000000d6300000, 0x0000000100000000)
  eden space 3584K, 0% used [0x00000000d5580000,0x00000000d5580000,0x00000000d5900000)
  from space 4096K, 91% used [0x00000000d5900000,0x00000000d5ca8000,0x00000000d5d00000)
  to   space 5120K, 0% used [0x00000000d5e00000,0x00000000d5e00000,0x00000000d6300000)
 ParOldGen       total 978944K, used 978531K [0x0000000080000000, 0x00000000bbc00000, 0x00000000d5580000)
  object space 978944K, 99% used [0x0000000080000000,0x00000000bbb98e50,0x00000000bbc00000)
 Metaspace       used 70556K, committed 72064K, reserved 1114112K
  class space    used 7293K, committed 7936K, reserved 1048576K
}
Event: 4488.331 GC heap before
{Heap before GC invocations=2603 (full 5):
 PSYoungGen      total 7680K, used 7173K [0x00000000d5580000, 0x00000000d6300000, 0x0000000100000000)
  eden space 3584K, 95% used [0x00000000d5580000,0x00000000d58d9460,0x00000000d5900000)
  from space 4096K, 91% used [0x00000000d5900000,0x00000000d5ca8000,0x00000000d5d00000)
  to   space 5120K, 0% used [0x00000000d5e00000,0x00000000d5e00000,0x00000000d6300000)
 ParOldGen       total 978944K, used 978531K [0x0000000080000000, 0x00000000bbc00000, 0x00000000d5580000)
  object space 978944K, 99% used [0x0000000080000000,0x00000000bbb98e50,0x00000000bbc00000)
 Metaspace       used 70556K, committed 72064K, reserved 1114112K
  class space    used 7293K, committed 7936K, reserved 1048576K
}
Event: 4488.335 GC heap after
{Heap after GC invocations=2603 (full 5):
 PSYoungGen      total 8192K, used 3246K [0x00000000d5580000, 0x00000000d6180000, 0x0000000100000000)
  eden space 4608K, 0% used [0x00000000d5580000,0x00000000d5580000,0x00000000d5a00000)
  from space 3584K, 90% used [0x00000000d5e00000,0x00000000d612b800,0x00000000d6180000)
  to   space 3584K, 0% used [0x00000000d5a80000,0x00000000d5a80000,0x00000000d5e00000)
 ParOldGen       total 982528K, used 982147K [0x0000000080000000, 0x00000000bbf80000, 0x00000000d5580000)
  object space 982528K, 99% used [0x0000000080000000,0x00000000bbf20e50,0x00000000bbf80000)
 Metaspace       used 70556K, committed 72064K, reserved 1114112K
  class space    used 7293K, committed 7936K, reserved 1048576K
}
Event: 4488.363 GC heap before
{Heap before GC invocations=2604 (full 5):
 PSYoungGen      total 8192K, used 7854K [0x00000000d5580000, 0x00000000d6180000, 0x0000000100000000)
  eden space 4608K, 100% used [0x00000000d5580000,0x00000000d5a00000,0x00000000d5a00000)
  from space 3584K, 90% used [0x00000000d5e00000,0x00000000d612b800,0x00000000d6180000)
  to   space 3584K, 0% used [0x00000000d5a80000,0x00000000d5a80000,0x00000000d5e00000)
 ParOldGen       total 982528K, used 982147K [0x0000000080000000, 0x00000000bbf80000, 0x00000000d5580000)
  object space 982528K, 99% used [0x0000000080000000,0x00000000bbf20e50,0x00000000bbf80000)
 Metaspace       used 70556K, committed 72064K, reserved 1114112K
  class space    used 7293K, committed 7936K, reserved 1048576K
}
Event: 4488.367 GC heap after
{Heap after GC invocations=2604 (full 5):
 PSYoungGen      total 8704K, used 3552K [0x00000000d5580000, 0x00000000d6a00000, 0x0000000100000000)
  eden space 5120K, 0% used [0x00000000d5580000,0x00000000d5580000,0x00000000d5a80000)
  from space 3584K, 99% used [0x00000000d5a80000,0x00000000d5df83d0,0x00000000d5e00000)
  to   space 7680K, 0% used [0x00000000d6280000,0x00000000d6280000,0x00000000d6a00000)
 ParOldGen       total 985600K, used 985259K [0x0000000080000000, 0x00000000bc280000, 0x00000000d5580000)
  object space 985600K, 99% used [0x0000000080000000,0x00000000bc22ae50,0x00000000bc280000)
 Metaspace       used 70556K, committed 72064K, reserved 1114112K
  class space    used 7293K, committed 7936K, reserved 1048576K
}
Event: 4488.375 GC heap before
{Heap before GC invocations=2605 (full 5):
 PSYoungGen      total 8704K, used 8672K [0x00000000d5580000, 0x00000000d6a00000, 0x0000000100000000)
  eden space 5120K, 100% used [0x00000000d5580000,0x00000000d5a80000,0x00000000d5a80000)
  from space 3584K, 99% used [0x00000000d5a80000,0x00000000d5df83d0,0x00000000d5e00000)
  to   space 7680K, 0% used [0x00000000d6280000,0x00000000d6280000,0x00000000d6a00000)
 ParOldGen       total 985600K, used 985259K [0x0000000080000000, 0x00000000bc280000, 0x00000000d5580000)
  object space 985600K, 99% used [0x0000000080000000,0x00000000bc22ae50,0x00000000bc280000)
 Metaspace       used 70556K, committed 72064K, reserved 1114112K
  class space    used 7293K, committed 7936K, reserved 1048576K
}
Event: 4488.378 GC heap after
{Heap after GC invocations=2605 (full 5):
 PSYoungGen      total 11776K, used 5312K [0x00000000d5580000, 0x00000000d6800000, 0x0000000100000000)
  eden space 6144K, 0% used [0x00000000d5580000,0x00000000d5580000,0x00000000d5b80000)
  from space 5632K, 94% used [0x00000000d6280000,0x00000000d67b0000,0x00000000d6800000)
  to   space 6144K, 0% used [0x00000000d5c00000,0x00000000d5c00000,0x00000000d6200000)
 ParOldGen       total 989184K, used 988860K [0x0000000080000000, 0x00000000bc600000, 0x00000000d5580000)
  object space 989184K, 99% used [0x0000000080000000,0x00000000bc5af220,0x00000000bc600000)
 Metaspace       used 70556K, committed 72064K, reserved 1114112K
  class space    used 7293K, committed 7936K, reserved 1048576K
}
Event: 4488.400 GC heap before
{Heap before GC invocations=2606 (full 5):
 PSYoungGen      total 11776K, used 11456K [0x00000000d5580000, 0x00000000d6800000, 0x0000000100000000)
  eden space 6144K, 100% used [0x00000000d5580000,0x00000000d5b80000,0x00000000d5b80000)
  from space 5632K, 94% used [0x00000000d6280000,0x00000000d67b0000,0x00000000d6800000)
  to   space 6144K, 0% used [0x00000000d5c00000,0x00000000d5c00000,0x00000000d6200000)
 ParOldGen       total 989184K, used 988860K [0x0000000080000000, 0x00000000bc600000, 0x00000000d5580000)
  object space 989184K, 99% used [0x0000000080000000,0x00000000bc5af220,0x00000000bc600000)
 Metaspace       used 70562K, committed 72064K, reserved 1114112K
  class space    used 7293K, committed 7936K, reserved 1048576K
}
Event: 4488.404 GC heap after
{Heap after GC invocations=2606 (full 5):
 PSYoungGen      total 12800K, used 4416K [0x00000000d5580000, 0x00000000d6700000, 0x0000000100000000)
  eden space 6656K, 0% used [0x00000000d5580000,0x00000000d5580000,0x00000000d5c00000)
  from space 6144K, 71% used [0x00000000d5c00000,0x00000000d6050020,0x00000000d6200000)
  to   space 5120K, 0% used [0x00000000d6200000,0x00000000d6200000,0x00000000d6700000)
 ParOldGen       total 994304K, used 994028K [0x0000000080000000, 0x00000000bcb00000, 0x00000000d5580000)
  object space 994304K, 99% used [0x0000000080000000,0x00000000bcabb220,0x00000000bcb00000)
 Metaspace       used 70562K, committed 72064K, reserved 1114112K
  class space    used 7293K, committed 7936K, reserved 1048576K
}
Event: 4488.418 GC heap before
{Heap before GC invocations=2607 (full 5):
 PSYoungGen      total 12800K, used 11072K [0x00000000d5580000, 0x00000000d6700000, 0x0000000100000000)
  eden space 6656K, 100% used [0x00000000d5580000,0x00000000d5c00000,0x00000000d5c00000)
  from space 6144K, 71% used [0x00000000d5c00000,0x00000000d6050020,0x00000000d6200000)
  to   space 5120K, 0% used [0x00000000d6200000,0x00000000d6200000,0x00000000d6700000)
 ParOldGen       total 994304K, used 994028K [0x0000000080000000, 0x00000000bcb00000, 0x00000000d5580000)
  object space 994304K, 99% used [0x0000000080000000,0x00000000bcabb220,0x00000000bcb00000)
 Metaspace       used 70567K, committed 72064K, reserved 1114112K
  class space    used 7293K, committed 7936K, reserved 1048576K
}
Event: 4488.422 GC heap after
{Heap after GC invocations=2607 (full 5):
 PSYoungGen      total 12800K, used 3917K [0x00000000d5580000, 0x00000000d6680000, 0x0000000100000000)
  eden space 8192K, 0% used [0x00000000d5580000,0x00000000d5580000,0x00000000d5d80000)
  from space 4608K, 85% used [0x00000000d6200000,0x00000000d65d35c8,0x00000000d6680000)
  to   space 4608K, 0% used [0x00000000d5d80000,0x00000000d5d80000,0x00000000d6200000)
 ParOldGen       total 998400K, used 998284K [0x0000000080000000, 0x00000000bcf00000, 0x00000000d5580000)
  object space 998400K, 99% used [0x0000000080000000,0x00000000bcee3240,0x00000000bcf00000)
 Metaspace       used 70567K, committed 72064K, reserved 1114112K
  class space    used 7293K, committed 7936K, reserved 1048576K
}
Event: 4488.439 GC heap before
{Heap before GC invocations=2608 (full 5):
 PSYoungGen      total 12800K, used 12109K [0x00000000d5580000, 0x00000000d6680000, 0x0000000100000000)
  eden space 8192K, 100% used [0x00000000d5580000,0x00000000d5d80000,0x00000000d5d80000)
  from space 4608K, 85% used [0x00000000d6200000,0x00000000d65d35c8,0x00000000d6680000)
  to   space 4608K, 0% used [0x00000000d5d80000,0x00000000d5d80000,0x00000000d6200000)
 ParOldGen       total 998400K, used 998284K [0x0000000080000000, 0x00000000bcf00000, 0x00000000d5580000)
  object space 998400K, 99% used [0x0000000080000000,0x00000000bcee3240,0x00000000bcf00000)
 Metaspace       used 70570K, committed 72064K, reserved 1114112K
  class space    used 7293K, committed 7936K, reserved 1048576K
}
Event: 4488.441 GC heap after
{Heap after GC invocations=2608 (full 5):
 PSYoungGen      total 12800K, used 4496K [0x00000000d5580000, 0x00000000d6680000, 0x0000000100000000)
  eden space 8192K, 0% used [0x00000000d5580000,0x00000000d5580000,0x00000000d5d80000)
  from space 4608K, 97% used [0x00000000d5d80000,0x00000000d61e42f8,0x00000000d6200000)
  to   space 4608K, 0% used [0x00000000d6200000,0x00000000d6200000,0x00000000d6680000)
 ParOldGen       total 1002496K, used 1002070K [0x0000000080000000, 0x00000000bd300000, 0x00000000d5580000)
  object space 1002496K, 99% used [0x0000000080000000,0x00000000bd295b68,0x00000000bd300000)
 Metaspace       used 70570K, committed 72064K, reserved 1114112K
  class space    used 7293K, committed 7936K, reserved 1048576K
}
Event: 4488.455 GC heap before
{Heap before GC invocations=2609 (full 5):
 PSYoungGen      total 12800K, used 12688K [0x00000000d5580000, 0x00000000d6680000, 0x0000000100000000)
  eden space 8192K, 100% used [0x00000000d5580000,0x00000000d5d80000,0x00000000d5d80000)
  from space 4608K, 97% used [0x00000000d5d80000,0x00000000d61e42f8,0x00000000d6200000)
  to   space 4608K, 0% used [0x00000000d6200000,0x00000000d6200000,0x00000000d6680000)
 ParOldGen       total 1002496K, used 1002070K [0x0000000080000000, 0x00000000bd300000, 0x00000000d5580000)
  object space 1002496K, 99% used [0x0000000080000000,0x00000000bd295b68,0x00000000bd300000)
 Metaspace       used 70574K, committed 72064K, reserved 1114112K
  class space    used 7293K, committed 7936K, reserved 1048576K
}
Event: 4488.458 GC heap after
{Heap after GC invocations=2609 (full 5):
 PSYoungGen      total 9216K, used 896K [0x00000000d5580000, 0x00000000d6300000, 0x0000000100000000)
  eden space 8192K, 0% used [0x00000000d5580000,0x00000000d5580000,0x00000000d5d80000)
  from space 1024K, 87% used [0x00000000d6200000,0x00000000d62e0000,0x00000000d6300000)
  to   space 2560K, 0% used [0x00000000d5e00000,0x00000000d5e00000,0x00000000d6080000)
 ParOldGen       total 1006592K, used 1006421K [0x0000000080000000, 0x00000000bd700000, 0x00000000d5580000)
  object space 1006592K, 99% used [0x0000000080000000,0x00000000bd6d55e0,0x00000000bd700000)
 Metaspace       used 70574K, committed 72064K, reserved 1114112K
  class space    used 7293K, committed 7936K, reserved 1048576K
}
Event: 4488.485 GC heap before
{Heap before GC invocations=2610 (full 5):
 PSYoungGen      total 9216K, used 9088K [0x00000000d5580000, 0x00000000d6300000, 0x0000000100000000)
  eden space 8192K, 100% used [0x00000000d5580000,0x00000000d5d80000,0x00000000d5d80000)
  from space 1024K, 87% used [0x00000000d6200000,0x00000000d62e0000,0x00000000d6300000)
  to   space 2560K, 0% used [0x00000000d5e00000,0x00000000d5e00000,0x00000000d6080000)
 ParOldGen       total 1006592K, used 1006421K [0x0000000080000000, 0x00000000bd700000, 0x00000000d5580000)
  object space 1006592K, 99% used [0x0000000080000000,0x00000000bd6d55e0,0x00000000bd700000)
 Metaspace       used 70588K, committed 72064K, reserved 1114112K
  class space    used 7293K, committed 7936K, reserved 1048576K
}
Event: 4488.487 GC heap after
{Heap after GC invocations=2610 (full 5):
 PSYoungGen      total 10752K, used 1024K [0x00000000d5580000, 0x00000000d6280000, 0x0000000100000000)
  eden space 8192K, 0% used [0x00000000d5580000,0x00000000d5580000,0x00000000d5d80000)
  from space 2560K, 40% used [0x00000000d5e00000,0x00000000d5f00000,0x00000000d6080000)
  to   space 1536K, 0% used [0x00000000d6100000,0x00000000d6100000,0x00000000d6280000)
 ParOldGen       total 1007104K, used 1007077K [0x0000000080000000, 0x00000000bd780000, 0x00000000d5580000)
  object space 1007104K, 99% used [0x0000000080000000,0x00000000bd779600,0x00000000bd780000)
 Metaspace       used 70588K, committed 72064K, reserved 1114112K
  class space    used 7293K, committed 7936K, reserved 1048576K
}

