# JRE version: OpenJDK Runtime Environment Temurin-21.0.11+10 (21.0.11+10) (build 21.0.11+10-LTS)
# Java VM: OpenJDK 64-Bit Server VM Temurin-21.0.11+10 (21.0.11+10-LTS, mixed mode, sharing, tiered, compressed oops, compressed class ptrs, parallel gc, windows-amd64)
GC Precious Log:
 CardTable entry size: 512
 CPUs: 12 total, 12 available
 Memory: 16004M
 Large Page Support: Disabled
 NUMA Support: Disabled
 Compressed Oops: Enabled (32-bit)
 Alignments: Space 512K, Generation 512K, Heap 2M
 Heap Min Capacity: 100M
 Heap Initial Capacity: 100M
 Heap Max Capacity: 2G
 Pre-touch: Disabled
 Parallel Workers: 10
Heap:
 PSYoungGen      total 4608K, used 3212K [0x00000000d5580000, 0x00000000d5b80000, 0x0000000100000000)
  eden space 4096K, 72% used [0x00000000d5580000,0x00000000d586b1a8,0x00000000d5980000)
  from space 512K, 43% used [0x00000000d5a80000,0x00000000d5ab8000,0x00000000d5b00000)
  to   space 512K, 0% used [0x00000000d5b00000,0x00000000d5b00000,0x00000000d5b80000)
 ParOldGen       total 881152K, used 880907K [0x0000000080000000, 0x00000000b5c80000, 0x00000000d5580000)
  object space 881152K, 99% used [0x0000000080000000,0x00000000b5c42c98,0x00000000b5c80000)
 Metaspace       used 88816K, committed 90496K, reserved 1179648K
  class space    used 10579K, committed 11328K, reserved 1048576K
GC Heap History (20 events):
Event: 134.987 GC heap before
{Heap before GC invocations=1945 (full 3):
 PSYoungGen      total 5632K, used 5126K [0x00000000d5580000, 0x00000000d5c80000, 0x0000000100000000)
  eden space 4096K, 100% used [0x00000000d5580000,0x00000000d5980000,0x00000000d5980000)
  from space 1536K, 67% used [0x00000000d5980000,0x00000000d5a81818,0x00000000d5b00000)
  to   space 1536K, 0% used [0x00000000d5b00000,0x00000000d5b00000,0x00000000d5c80000)
 ParOldGen       total 880640K, used 880571K [0x0000000080000000, 0x00000000b5c00000, 0x00000000d5580000)
  object space 880640K, 99% used [0x0000000080000000,0x00000000b5beec98,0x00000000b5c00000)
 Metaspace       used 86933K, committed 88704K, reserved 1179648K
  class space    used 10408K, committed 11200K, reserved 1048576K
}
Event: 134.989 GC heap after
{Heap after GC invocations=1945 (full 3):
 PSYoungGen      total 5632K, used 1083K [0x00000000d5580000, 0x00000000d5c80000, 0x0000000100000000)
  eden space 4096K, 0% used [0x00000000d5580000,0x00000000d5580000,0x00000000d5980000)
  from space 1536K, 70% used [0x00000000d5b00000,0x00000000d5c0efc8,0x00000000d5c80000)
  to   space 1536K, 0% used [0x00000000d5980000,0x00000000d5980000,0x00000000d5b00000)
 ParOldGen       total 880640K, used 880571K [0x0000000080000000, 0x00000000b5c00000, 0x00000000d5580000)
  object space 880640K, 99% used [0x0000000080000000,0x00000000b5beec98,0x00000000b5c00000)
 Metaspace       used 86933K, committed 88704K, reserved 1179648K
  class space    used 10408K, committed 11200K, reserved 1048576K
}
Event: 135.005 GC heap before
{Heap before GC invocations=1946 (full 3):
 PSYoungGen      total 5632K, used 5179K [0x00000000d5580000, 0x00000000d5c80000, 0x0000000100000000)
  eden space 4096K, 100% used [0x00000000d5580000,0x00000000d5980000,0x00000000d5980000)
  from space 1536K, 70% used [0x00000000d5b00000,0x00000000d5c0efc8,0x00000000d5c80000)
  to   space 1536K, 0% used [0x00000000d5980000,0x00000000d5980000,0x00000000d5b00000)
 ParOldGen       total 880640K, used 880571K [0x0000000080000000, 0x00000000b5c00000, 0x00000000d5580000)
  object space 880640K, 99% used [0x0000000080000000,0x00000000b5beec98,0x00000000b5c00000)
 Metaspace       used 86933K, committed 88704K, reserved 1179648K
  class space    used 10408K, committed 11200K, reserved 1048576K
}
Event: 135.007 GC heap after
{Heap after GC invocations=1946 (full 3):
 PSYoungGen      total 5632K, used 1035K [0x00000000d5580000, 0x00000000d5c80000, 0x0000000100000000)
  eden space 4096K, 0% used [0x00000000d5580000,0x00000000d5580000,0x00000000d5980000)
  from space 1536K, 67% used [0x00000000d5980000,0x00000000d5a82cd8,0x00000000d5b00000)
  to   space 1536K, 0% used [0x00000000d5b00000,0x00000000d5b00000,0x00000000d5c80000)
 ParOldGen       total 880640K, used 880579K [0x0000000080000000, 0x00000000b5c00000, 0x00000000d5580000)
  object space 880640K, 99% used [0x0000000080000000,0x00000000b5bf0c98,0x00000000b5c00000)
 Metaspace       used 86933K, committed 88704K, reserved 1179648K
  class space    used 10408K, committed 11200K, reserved 1048576K
}
Event: 135.034 GC heap before
{Heap before GC invocations=1947 (full 3):
 PSYoungGen      total 5632K, used 5131K [0x00000000d5580000, 0x00000000d5c80000, 0x0000000100000000)
  eden space 4096K, 100% used [0x00000000d5580000,0x00000000d5980000,0x00000000d5980000)
  from space 1536K, 67% used [0x00000000d5980000,0x00000000d5a82cd8,0x00000000d5b00000)
  to   space 1536K, 0% used [0x00000000d5b00000,0x00000000d5b00000,0x00000000d5c80000)
 ParOldGen       total 880640K, used 880579K [0x0000000080000000, 0x00000000b5c00000, 0x00000000d5580000)
  object space 880640K, 99% used [0x0000000080000000,0x00000000b5bf0c98,0x00000000b5c00000)
 Metaspace       used 86939K, committed 88704K, reserved 1179648K
  class space    used 10408K, committed 11200K, reserved 1048576K
}
Event: 135.035 GC heap after
{Heap after GC invocations=1947 (full 3):
 PSYoungGen      total 5632K, used 1136K [0x00000000d5580000, 0x00000000d5c80000, 0x0000000100000000)
  eden space 4096K, 0% used [0x00000000d5580000,0x00000000d5580000,0x00000000d5980000)
  from space 1536K, 74% used [0x00000000d5b00000,0x00000000d5c1c2e0,0x00000000d5c80000)
  to   space 1536K, 0% used [0x00000000d5980000,0x00000000d5980000,0x00000000d5b00000)
 ParOldGen       total 880640K, used 880579K [0x0000000080000000, 0x00000000b5c00000, 0x00000000d5580000)
  object space 880640K, 99% used [0x0000000080000000,0x00000000b5bf0c98,0x00000000b5c00000)
 Metaspace       used 86939K, committed 88704K, reserved 1179648K
  class space    used 10408K, committed 11200K, reserved 1048576K
}
Event: 135.049 GC heap before
{Heap before GC invocations=1948 (full 3):
 PSYoungGen      total 5632K, used 5232K [0x00000000d5580000, 0x00000000d5c80000, 0x0000000100000000)
  eden space 4096K, 100% used [0x00000000d5580000,0x00000000d5980000,0x00000000d5980000)
  from space 1536K, 74% used [0x00000000d5b00000,0x00000000d5c1c2e0,0x00000000d5c80000)
  to   space 1536K, 0% used [0x00000000d5980000,0x00000000d5980000,0x00000000d5b00000)
 ParOldGen       total 880640K, used 880579K [0x0000000080000000, 0x00000000b5c00000, 0x00000000d5580000)
  object space 880640K, 99% used [0x0000000080000000,0x00000000b5bf0c98,0x00000000b5c00000)
 Metaspace       used 86940K, committed 88704K, reserved 1179648K
  class space    used 10408K, committed 11200K, reserved 1048576K
}
Event: 135.050 GC heap after
{Heap after GC invocations=1948 (full 3):
 PSYoungGen      total 5632K, used 1374K [0x00000000d5580000, 0x00000000d5c80000, 0x0000000100000000)
  eden space 4096K, 0% used [0x00000000d5580000,0x00000000d5580000,0x00000000d5980000)
  from space 1536K, 89% used [0x00000000d5980000,0x00000000d5ad79d0,0x00000000d5b00000)
  to   space 1536K, 0% used [0x00000000d5b00000,0x00000000d5b00000,0x00000000d5c80000)
 ParOldGen       total 880640K, used 880595K [0x0000000080000000, 0x00000000b5c00000, 0x00000000d5580000)
  object space 880640K, 99% used [0x0000000080000000,0x00000000b5bf4c98,0x00000000b5c00000)
 Metaspace       used 86940K, committed 88704K, reserved 1179648K
  class space    used 10408K, committed 11200K, reserved 1048576K
}
Event: 135.056 GC heap before
{Heap before GC invocations=1949 (full 3):
 PSYoungGen      total 5632K, used 5310K [0x00000000d5580000, 0x00000000d5c80000, 0x0000000100000000)
  eden space 4096K, 96% used [0x00000000d5580000,0x00000000d5957f00,0x00000000d5980000)
  from space 1536K, 89% used [0x00000000d5980000,0x00000000d5ad79d0,0x00000000d5b00000)
  to   space 1536K, 0% used [0x00000000d5b00000,0x00000000d5b00000,0x00000000d5c80000)
 ParOldGen       total 880640K, used 880595K [0x0000000080000000, 0x00000000b5c00000, 0x00000000d5580000)
  object space 880640K, 99% used [0x0000000080000000,0x00000000b5bf4c98,0x00000000b5c00000)
 Metaspace       used 86941K, committed 88704K, reserved 1179648K
  class space    used 10408K, committed 11200K, reserved 1048576K
}
Event: 135.058 GC heap after
{Heap after GC invocations=1949 (full 3):
 PSYoungGen      total 5632K, used 1014K [0x00000000d5580000, 0x00000000d5c80000, 0x0000000100000000)
  eden space 4096K, 0% used [0x00000000d5580000,0x00000000d5580000,0x00000000d5980000)
  from space 1536K, 66% used [0x00000000d5b00000,0x00000000d5bfda18,0x00000000d5c80000)
  to   space 1536K, 0% used [0x00000000d5980000,0x00000000d5980000,0x00000000d5b00000)
 ParOldGen       total 880640K, used 880611K [0x0000000080000000, 0x00000000b5c00000, 0x00000000d5580000)
  object space 880640K, 99% used [0x0000000080000000,0x00000000b5bf8c98,0x00000000b5c00000)
 Metaspace       used 86941K, committed 88704K, reserved 1179648K
  class space    used 10408K, committed 11200K, reserved 1048576K
}
Event: 135.070 GC heap before
{Heap before GC invocations=1950 (full 3):
 PSYoungGen      total 5632K, used 5103K [0x00000000d5580000, 0x00000000d5c80000, 0x0000000100000000)
  eden space 4096K, 99% used [0x00000000d5580000,0x00000000d597e4d8,0x00000000d5980000)
  from space 1536K, 66% used [0x00000000d5b00000,0x00000000d5bfda18,0x00000000d5c80000)
  to   space 1536K, 0% used [0x00000000d5980000,0x00000000d5980000,0x00000000d5b00000)
 ParOldGen       total 880640K, used 880611K [0x0000000080000000, 0x00000000b5c00000, 0x00000000d5580000)
  object space 880640K, 99% used [0x0000000080000000,0x00000000b5bf8c98,0x00000000b5c00000)
 Metaspace       used 86942K, committed 88704K, reserved 1179648K
  class space    used 10408K, committed 11200K, reserved 1048576K
}
Event: 135.072 GC heap after
{Heap after GC invocations=1950 (full 3):
 PSYoungGen      total 5632K, used 1068K [0x00000000d5580000, 0x00000000d5c80000, 0x0000000100000000)
  eden space 4096K, 0% used [0x00000000d5580000,0x00000000d5580000,0x00000000d5980000)
  from space 1536K, 69% used [0x00000000d5980000,0x00000000d5a8b078,0x00000000d5b00000)
  to   space 1536K, 0% used [0x00000000d5b00000,0x00000000d5b00000,0x00000000d5c80000)
 ParOldGen       total 880640K, used 880635K [0x0000000080000000, 0x00000000b5c00000, 0x00000000d5580000)
  object space 880640K, 99% used [0x0000000080000000,0x00000000b5bfec98,0x00000000b5c00000)
 Metaspace       used 86942K, committed 88704K, reserved 1179648K
  class space    used 10408K, committed 11200K, reserved 1048576K
}
Event: 135.110 GC heap before
{Heap before GC invocations=1951 (full 3):
 PSYoungGen      total 5632K, used 5164K [0x00000000d5580000, 0x00000000d5c80000, 0x0000000100000000)
  eden space 4096K, 100% used [0x00000000d5580000,0x00000000d5980000,0x00000000d5980000)
  from space 1536K, 69% used [0x00000000d5980000,0x00000000d5a8b078,0x00000000d5b00000)
  to   space 1536K, 0% used [0x00000000d5b00000,0x00000000d5b00000,0x00000000d5c80000)
 ParOldGen       total 880640K, used 880635K [0x0000000080000000, 0x00000000b5c00000, 0x00000000d5580000)
  object space 880640K, 99% used [0x0000000080000000,0x00000000b5bfec98,0x00000000b5c00000)
 Metaspace       used 87362K, committed 89088K, reserved 1179648K
  class space    used 10438K, committed 11200K, reserved 1048576K
}
Event: 135.112 GC heap after
{Heap after GC invocations=1951 (full 3):
 PSYoungGen      total 4608K, used 160K [0x00000000d5580000, 0x00000000d5b80000, 0x0000000100000000)
  eden space 4096K, 0% used [0x00000000d5580000,0x00000000d5580000,0x00000000d5980000)
  from space 512K, 31% used [0x00000000d5b00000,0x00000000d5b28000,0x00000000d5b80000)
  to   space 512K, 0% used [0x00000000d5a80000,0x00000000d5a80000,0x00000000d5b00000)
 ParOldGen       total 881152K, used 880643K [0x0000000080000000, 0x00000000b5c80000, 0x00000000d5580000)
  object space 881152K, 99% used [0x0000000080000000,0x00000000b5c00c98,0x00000000b5c80000)
 Metaspace       used 87362K, committed 89088K, reserved 1179648K
  class space    used 10438K, committed 11200K, reserved 1048576K
}
Event: 135.207 GC heap before
{Heap before GC invocations=1952 (full 3):
 PSYoungGen      total 4608K, used 4251K [0x00000000d5580000, 0x00000000d5b80000, 0x0000000100000000)
  eden space 4096K, 99% used [0x00000000d5580000,0x00000000d597ecc8,0x00000000d5980000)
  from space 512K, 31% used [0x00000000d5b00000,0x00000000d5b28000,0x00000000d5b80000)
  to   space 512K, 0% used [0x00000000d5a80000,0x00000000d5a80000,0x00000000d5b00000)
 ParOldGen       total 881152K, used 880643K [0x0000000080000000, 0x00000000b5c80000, 0x00000000d5580000)
  object space 881152K, 99% used [0x0000000080000000,0x00000000b5c00c98,0x00000000b5c80000)
 Metaspace       used 88092K, committed 89792K, reserved 1179648K
  class space    used 10503K, committed 11264K, reserved 1048576K
}
Event: 135.208 GC heap after
{Heap after GC invocations=1952 (full 3):
 PSYoungGen      total 4608K, used 256K [0x00000000d5580000, 0x00000000d5b80000, 0x0000000100000000)
  eden space 4096K, 0% used [0x00000000d5580000,0x00000000d5580000,0x00000000d5980000)
  from space 512K, 50% used [0x00000000d5a80000,0x00000000d5ac0000,0x00000000d5b00000)
  to   space 512K, 0% used [0x00000000d5b00000,0x00000000d5b00000,0x00000000d5b80000)
 ParOldGen       total 881152K, used 880659K [0x0000000080000000, 0x00000000b5c80000, 0x00000000d5580000)
  object space 881152K, 99% used [0x0000000080000000,0x00000000b5c04c98,0x00000000b5c80000)
 Metaspace       used 88092K, committed 89792K, reserved 1179648K
  class space    used 10503K, committed 11264K, reserved 1048576K
}
Event: 135.664 GC heap before
{Heap before GC invocations=1953 (full 3):
 PSYoungGen      total 4608K, used 4327K [0x00000000d5580000, 0x00000000d5b80000, 0x0000000100000000)
  eden space 4096K, 99% used [0x00000000d5580000,0x00000000d5979c48,0x00000000d5980000)
  from space 512K, 50% used [0x00000000d5a80000,0x00000000d5ac0000,0x00000000d5b00000)
  to   space 512K, 0% used [0x00000000d5b00000,0x00000000d5b00000,0x00000000d5b80000)
 ParOldGen       total 881152K, used 880659K [0x0000000080000000, 0x00000000b5c80000, 0x00000000d5580000)
  object space 881152K, 99% used [0x0000000080000000,0x00000000b5c04c98,0x00000000b5c80000)
 Metaspace       used 88301K, committed 90048K, reserved 1179648K
  class space    used 10525K, committed 11328K, reserved 1048576K
}
Event: 135.666 GC heap after
{Heap after GC invocations=1953 (full 3):
 PSYoungGen      total 4608K, used 352K [0x00000000d5580000, 0x00000000d5b80000, 0x0000000100000000)
  eden space 4096K, 0% used [0x00000000d5580000,0x00000000d5580000,0x00000000d5980000)
  from space 512K, 68% used [0x00000000d5b00000,0x00000000d5b58000,0x00000000d5b80000)
  to   space 512K, 0% used [0x00000000d5a80000,0x00000000d5a80000,0x00000000d5b00000)
 ParOldGen       total 881152K, used 880731K [0x0000000080000000, 0x00000000b5c80000, 0x00000000d5580000)
  object space 881152K, 99% used [0x0000000080000000,0x00000000b5c16c98,0x00000000b5c80000)
 Metaspace       used 88301K, committed 90048K, reserved 1179648K
  class space    used 10525K, committed 11328K, reserved 1048576K
}
Event: 135.820 GC heap before
{Heap before GC invocations=1954 (full 3):
 PSYoungGen      total 4608K, used 4448K [0x00000000d5580000, 0x00000000d5b80000, 0x0000000100000000)
  eden space 4096K, 100% used [0x00000000d5580000,0x00000000d5980000,0x00000000d5980000)
  from space 512K, 68% used [0x00000000d5b00000,0x00000000d5b58000,0x00000000d5b80000)
  to   space 512K, 0% used [0x00000000d5a80000,0x00000000d5a80000,0x00000000d5b00000)
 ParOldGen       total 881152K, used 880731K [0x0000000080000000, 0x00000000b5c80000, 0x00000000d5580000)
  object space 881152K, 99% used [0x0000000080000000,0x00000000b5c16c98,0x00000000b5c80000)
 Metaspace       used 88543K, committed 90240K, reserved 1179648K
  class space    used 10550K, committed 11328K, reserved 1048576K
}
Event: 135.821 GC heap after
{Heap after GC invocations=1954 (full 3):
 PSYoungGen      total 4608K, used 224K [0x00000000d5580000, 0x00000000d5b80000, 0x0000000100000000)
  eden space 4096K, 0% used [0x00000000d5580000,0x00000000d5580000,0x00000000d5980000)
  from space 512K, 43% used [0x00000000d5a80000,0x00000000d5ab8000,0x00000000d5b00000)
  to   space 512K, 0% used [0x00000000d5b00000,0x00000000d5b00000,0x00000000d5b80000)
 ParOldGen       total 881152K, used 880907K [0x0000000080000000, 0x00000000b5c80000, 0x00000000d5580000)
  object space 881152K, 99% used [0x0000000080000000,0x00000000b5c42c98,0x00000000b5c80000)
 Metaspace       used 88543K, committed 90240K, reserved 1179648K
  class space    used 10550K, committed 11328K, reserved 1048576K
}

